H:\program files\VisualStudio\MSBuild\Microsoft\VC\v170\Microsoft.CppBuild.targets(531,5): warning MSB8028: 中间目录(x64\Debug\)包含从另一个项目(SFMLProject.vcxproj)共享的文件。   这会导致错误的清除和重新生成行为。
  Player.cpp
D:\MyCode\JumkoProject\Project1\Project1\Bullet.hpp(153,85): warning C4244: “参数”: 从“double”转换到“float”，可能丢失数据
  (编译源文件“Player.cpp”)
  
D:\MyCode\JumkoProject\Project1\Project1\Bullet.hpp(202,85): warning C4244: “参数”: 从“double”转换到“float”，可能丢失数据
  (编译源文件“Player.cpp”)
  
D:\MyCode\JumkoProject\Project1\Project1\Player.cpp(229,23): warning C4244: “+=”: 从“double”转换到“int”，可能丢失数据
D:\MyCode\JumkoProject\Project1\Project1\Player.cpp(483,31): warning C4305: “参数”: 从“double”到“T”截断
D:\MyCode\JumkoProject\Project1\Project1\Player.cpp(483,31): warning C4305:         with
D:\MyCode\JumkoProject\Project1\Project1\Player.cpp(483,31): warning C4305:         [
D:\MyCode\JumkoProject\Project1\Project1\Player.cpp(483,31): warning C4305:             T=float
D:\MyCode\JumkoProject\Project1\Project1\Player.cpp(483,31): warning C4305:         ]
D:\MyCode\JumkoProject\Project1\Project1\Player.cpp(483,20): warning C4305: “参数”: 从“double”到“T”截断
D:\MyCode\JumkoProject\Project1\Project1\Player.cpp(483,20): warning C4305:         with
D:\MyCode\JumkoProject\Project1\Project1\Player.cpp(483,20): warning C4305:         [
D:\MyCode\JumkoProject\Project1\Project1\Player.cpp(483,20): warning C4305:             T=float
D:\MyCode\JumkoProject\Project1\Project1\Player.cpp(483,20): warning C4305:         ]
D:\MyCode\JumkoProject\Project1\Project1\Player.cpp(497,30): warning C4305: “参数”: 从“double”到“T”截断
D:\MyCode\JumkoProject\Project1\Project1\Player.cpp(497,30): warning C4305:         with
D:\MyCode\JumkoProject\Project1\Project1\Player.cpp(497,30): warning C4305:         [
D:\MyCode\JumkoProject\Project1\Project1\Player.cpp(497,30): warning C4305:             T=float
D:\MyCode\JumkoProject\Project1\Project1\Player.cpp(497,30): warning C4305:         ]
D:\MyCode\JumkoProject\Project1\Project1\Player.cpp(497,19): warning C4305: “参数”: 从“double”到“T”截断
D:\MyCode\JumkoProject\Project1\Project1\Player.cpp(497,19): warning C4305:         with
D:\MyCode\JumkoProject\Project1\Project1\Player.cpp(497,19): warning C4305:         [
D:\MyCode\JumkoProject\Project1\Project1\Player.cpp(497,19): warning C4305:             T=float
D:\MyCode\JumkoProject\Project1\Project1\Player.cpp(497,19): warning C4305:         ]
D:\MyCode\JumkoProject\Project1\Project1\Player.cpp(558,31): warning C4305: “参数”: 从“double”到“T”截断
D:\MyCode\JumkoProject\Project1\Project1\Player.cpp(558,31): warning C4305:         with
D:\MyCode\JumkoProject\Project1\Project1\Player.cpp(558,31): warning C4305:         [
D:\MyCode\JumkoProject\Project1\Project1\Player.cpp(558,31): warning C4305:             T=float
D:\MyCode\JumkoProject\Project1\Project1\Player.cpp(558,31): warning C4305:         ]
D:\MyCode\JumkoProject\Project1\Project1\Player.cpp(558,20): warning C4305: “参数”: 从“double”到“T”截断
D:\MyCode\JumkoProject\Project1\Project1\Player.cpp(558,20): warning C4305:         with
D:\MyCode\JumkoProject\Project1\Project1\Player.cpp(558,20): warning C4305:         [
D:\MyCode\JumkoProject\Project1\Project1\Player.cpp(558,20): warning C4305:             T=float
D:\MyCode\JumkoProject\Project1\Project1\Player.cpp(558,20): warning C4305:         ]
D:\MyCode\JumkoProject\Project1\Project1\Player.cpp(572,30): warning C4305: “参数”: 从“double”到“T”截断
D:\MyCode\JumkoProject\Project1\Project1\Player.cpp(572,30): warning C4305:         with
D:\MyCode\JumkoProject\Project1\Project1\Player.cpp(572,30): warning C4305:         [
D:\MyCode\JumkoProject\Project1\Project1\Player.cpp(572,30): warning C4305:             T=float
D:\MyCode\JumkoProject\Project1\Project1\Player.cpp(572,30): warning C4305:         ]
D:\MyCode\JumkoProject\Project1\Project1\Player.cpp(572,19): warning C4305: “参数”: 从“double”到“T”截断
D:\MyCode\JumkoProject\Project1\Project1\Player.cpp(572,19): warning C4305:         with
D:\MyCode\JumkoProject\Project1\Project1\Player.cpp(572,19): warning C4305:         [
D:\MyCode\JumkoProject\Project1\Project1\Player.cpp(572,19): warning C4305:             T=float
D:\MyCode\JumkoProject\Project1\Project1\Player.cpp(572,19): warning C4305:         ]
D:\MyCode\JumkoProject\Project1\Project1\Player.cpp(586,30): warning C4305: “参数”: 从“double”到“T”截断
D:\MyCode\JumkoProject\Project1\Project1\Player.cpp(586,30): warning C4305:         with
D:\MyCode\JumkoProject\Project1\Project1\Player.cpp(586,30): warning C4305:         [
D:\MyCode\JumkoProject\Project1\Project1\Player.cpp(586,30): warning C4305:             T=float
D:\MyCode\JumkoProject\Project1\Project1\Player.cpp(586,30): warning C4305:         ]
D:\MyCode\JumkoProject\Project1\Project1\Player.cpp(586,19): warning C4305: “参数”: 从“double”到“T”截断
D:\MyCode\JumkoProject\Project1\Project1\Player.cpp(586,19): warning C4305:         with
D:\MyCode\JumkoProject\Project1\Project1\Player.cpp(586,19): warning C4305:         [
D:\MyCode\JumkoProject\Project1\Project1\Player.cpp(586,19): warning C4305:             T=float
D:\MyCode\JumkoProject\Project1\Project1\Player.cpp(586,19): warning C4305:         ]
D:\MyCode\JumkoProject\Project1\Project1\Player.cpp(600,31): warning C4305: “参数”: 从“double”到“T”截断
D:\MyCode\JumkoProject\Project1\Project1\Player.cpp(600,31): warning C4305:         with
D:\MyCode\JumkoProject\Project1\Project1\Player.cpp(600,31): warning C4305:         [
D:\MyCode\JumkoProject\Project1\Project1\Player.cpp(600,31): warning C4305:             T=float
D:\MyCode\JumkoProject\Project1\Project1\Player.cpp(600,31): warning C4305:         ]
D:\MyCode\JumkoProject\Project1\Project1\Player.cpp(600,20): warning C4305: “参数”: 从“double”到“T”截断
D:\MyCode\JumkoProject\Project1\Project1\Player.cpp(600,20): warning C4305:         with
D:\MyCode\JumkoProject\Project1\Project1\Player.cpp(600,20): warning C4305:         [
D:\MyCode\JumkoProject\Project1\Project1\Player.cpp(600,20): warning C4305:             T=float
D:\MyCode\JumkoProject\Project1\Project1\Player.cpp(600,20): warning C4305:         ]
D:\MyCode\JumkoProject\Project1\Project1\Player.cpp(662,31): warning C4305: “参数”: 从“double”到“T”截断
D:\MyCode\JumkoProject\Project1\Project1\Player.cpp(662,31): warning C4305:         with
D:\MyCode\JumkoProject\Project1\Project1\Player.cpp(662,31): warning C4305:         [
D:\MyCode\JumkoProject\Project1\Project1\Player.cpp(662,31): warning C4305:             T=float
D:\MyCode\JumkoProject\Project1\Project1\Player.cpp(662,31): warning C4305:         ]
D:\MyCode\JumkoProject\Project1\Project1\Player.cpp(662,20): warning C4305: “参数”: 从“double”到“T”截断
D:\MyCode\JumkoProject\Project1\Project1\Player.cpp(662,20): warning C4305:         with
D:\MyCode\JumkoProject\Project1\Project1\Player.cpp(662,20): warning C4305:         [
D:\MyCode\JumkoProject\Project1\Project1\Player.cpp(662,20): warning C4305:             T=float
D:\MyCode\JumkoProject\Project1\Project1\Player.cpp(662,20): warning C4305:         ]
D:\MyCode\JumkoProject\Project1\Project1\Player.cpp(676,30): warning C4305: “参数”: 从“double”到“T”截断
D:\MyCode\JumkoProject\Project1\Project1\Player.cpp(676,30): warning C4305:         with
D:\MyCode\JumkoProject\Project1\Project1\Player.cpp(676,30): warning C4305:         [
D:\MyCode\JumkoProject\Project1\Project1\Player.cpp(676,30): warning C4305:             T=float
D:\MyCode\JumkoProject\Project1\Project1\Player.cpp(676,30): warning C4305:         ]
D:\MyCode\JumkoProject\Project1\Project1\Player.cpp(676,19): warning C4305: “参数”: 从“double”到“T”截断
D:\MyCode\JumkoProject\Project1\Project1\Player.cpp(676,19): warning C4305:         with
D:\MyCode\JumkoProject\Project1\Project1\Player.cpp(676,19): warning C4305:         [
D:\MyCode\JumkoProject\Project1\Project1\Player.cpp(676,19): warning C4305:             T=float
D:\MyCode\JumkoProject\Project1\Project1\Player.cpp(676,19): warning C4305:         ]
D:\MyCode\JumkoProject\Project1\Project1\Player.cpp(690,30): warning C4305: “参数”: 从“double”到“T”截断
D:\MyCode\JumkoProject\Project1\Project1\Player.cpp(690,30): warning C4305:         with
D:\MyCode\JumkoProject\Project1\Project1\Player.cpp(690,30): warning C4305:         [
D:\MyCode\JumkoProject\Project1\Project1\Player.cpp(690,30): warning C4305:             T=float
D:\MyCode\JumkoProject\Project1\Project1\Player.cpp(690,30): warning C4305:         ]
D:\MyCode\JumkoProject\Project1\Project1\Player.cpp(690,19): warning C4305: “参数”: 从“double”到“T”截断
D:\MyCode\JumkoProject\Project1\Project1\Player.cpp(690,19): warning C4305:         with
D:\MyCode\JumkoProject\Project1\Project1\Player.cpp(690,19): warning C4305:         [
D:\MyCode\JumkoProject\Project1\Project1\Player.cpp(690,19): warning C4305:             T=float
D:\MyCode\JumkoProject\Project1\Project1\Player.cpp(690,19): warning C4305:         ]
D:\MyCode\JumkoProject\Project1\Project1\Player.cpp(704,31): warning C4305: “参数”: 从“double”到“T”截断
D:\MyCode\JumkoProject\Project1\Project1\Player.cpp(704,31): warning C4305:         with
D:\MyCode\JumkoProject\Project1\Project1\Player.cpp(704,31): warning C4305:         [
D:\MyCode\JumkoProject\Project1\Project1\Player.cpp(704,31): warning C4305:             T=float
D:\MyCode\JumkoProject\Project1\Project1\Player.cpp(704,31): warning C4305:         ]
D:\MyCode\JumkoProject\Project1\Project1\Player.cpp(704,20): warning C4305: “参数”: 从“double”到“T”截断
D:\MyCode\JumkoProject\Project1\Project1\Player.cpp(704,20): warning C4305:         with
D:\MyCode\JumkoProject\Project1\Project1\Player.cpp(704,20): warning C4305:         [
D:\MyCode\JumkoProject\Project1\Project1\Player.cpp(704,20): warning C4305:             T=float
D:\MyCode\JumkoProject\Project1\Project1\Player.cpp(704,20): warning C4305:         ]
H:\program files\VisualStudio\VC\Tools\MSVC\14.38.33130\include\xutility(255,82): warning C4244: “参数”: 从“int”转换到“float”，可能丢失数据
  (编译源文件“Player.cpp”)
  H:\program files\VisualStudio\VC\Tools\MSVC\14.38.33130\include\xutility(255,82):
  模板实例化上下文(最早的实例化上下文)为
  	D:\MyCode\JumkoProject\Project1\Project1\Player.cpp(359,46):
  	查看对正在编译的函数 模板 实例化“std::shared_ptr<PlayerBullet1> std::make_shared<PlayerBullet1,sf::Texture&,sf::Vector2f,int&,int&,int&>(sf::Texture &,sf::Vector2f &&,int &,int &,int &)”的引用
  	H:\program files\VisualStudio\VC\Tools\MSVC\14.38.33130\include\memory(2769,46):
  	查看对正在编译的函数 模板 实例化“std::_Ref_count_obj2<PlayerBullet1>::_Ref_count_obj2<sf::Texture&,_Ty,int&,int&,int&>(sf::Texture &,_Ty &&,int &,int &,int &)”的引用
          with
          [
              _Ty=sf::Vector2f
          ]
  	H:\program files\VisualStudio\VC\Tools\MSVC\14.38.33130\include\memory(2094,18):
  	查看对正在编译的函数 模板 实例化“void std::_Construct_in_place<_Ty,sf::Texture&,sf::Vector2<float>,int&,int&,int&>(_Ty &,sf::Texture &,sf::Vector2<float> &&,int &,int &,int &) noexcept(false)”的引用
          with
          [
              _Ty=PlayerBullet1
          ]
  
H:\program files\VisualStudio\VC\Tools\MSVC\14.38.33130\include\xutility(255,82): warning C4244: “参数”: 从“_Ty”转换到“int”，可能丢失数据
H:\program files\VisualStudio\VC\Tools\MSVC\14.38.33130\include\xutility(255,82): warning C4244:         with
H:\program files\VisualStudio\VC\Tools\MSVC\14.38.33130\include\xutility(255,82): warning C4244:         [
H:\program files\VisualStudio\VC\Tools\MSVC\14.38.33130\include\xutility(255,82): warning C4244:             _Ty=double
H:\program files\VisualStudio\VC\Tools\MSVC\14.38.33130\include\xutility(255,82): warning C4244:         ]
  (编译源文件“Player.cpp”)
  H:\program files\VisualStudio\VC\Tools\MSVC\14.38.33130\include\xutility(255,82):
  模板实例化上下文(最早的实例化上下文)为
  	D:\MyCode\JumkoProject\Project1\Project1\Player.cpp(772,45):
  	查看对正在编译的函数 模板 实例化“std::shared_ptr<PlayerMagicBullet> std::make_shared<PlayerMagicBullet,sf::Texture&,sf::Vector2f,int,int,double>(sf::Texture &,sf::Vector2f &&,int &&,int &&,double &&)”的引用
  	H:\program files\VisualStudio\VC\Tools\MSVC\14.38.33130\include\memory(2769,46):
  	查看对正在编译的函数 模板 实例化“std::_Ref_count_obj2<PlayerMagicBullet>::_Ref_count_obj2<sf::Texture&,_Ty,int,int,double>(sf::Texture &,_Ty &&,int &&,int &&,double &&)”的引用
          with
          [
              _Ty=sf::Vector2f
          ]
  	H:\program files\VisualStudio\VC\Tools\MSVC\14.38.33130\include\memory(2094,18):
  	查看对正在编译的函数 模板 实例化“void std::_Construct_in_place<_Ty,sf::Texture&,sf::Vector2<float>,int,int,double>(_Ty &,sf::Texture &,sf::Vector2<float> &&,int &&,int &&,double &&) noexcept(false)”的引用
          with
          [
              _Ty=PlayerMagicBullet
          ]
  
H:\program files\VisualStudio\VC\Tools\MSVC\14.38.33130\include\xutility(255,82): warning C4244: “参数”: 从“_Ty”转换到“float”，可能丢失数据
H:\program files\VisualStudio\VC\Tools\MSVC\14.38.33130\include\xutility(255,82): warning C4244:         with
H:\program files\VisualStudio\VC\Tools\MSVC\14.38.33130\include\xutility(255,82): warning C4244:         [
H:\program files\VisualStudio\VC\Tools\MSVC\14.38.33130\include\xutility(255,82): warning C4244:             _Ty=int
H:\program files\VisualStudio\VC\Tools\MSVC\14.38.33130\include\xutility(255,82): warning C4244:         ]
  (编译源文件“Player.cpp”)
  
  Project1.vcxproj -> D:\MyCode\JumkoProject\Project1\x64\Debug\Project1.exe
